Using pre-set license
Built from '2020.3/release' branch; Version is '2020.3.1f1 (77a89f25062f) revision 7841951'; Using compiler version '192528614'; Build Type 'Release'
OS: 'Windows 10 Pro; OS build 19041.867; Version 2004; 64bit' Language: 'pt' Physical Memory: 8147 MB
BatchMode: 1, IsHumanControllingUs: 0, StartBugReporterOnCrash: 0, Is64bit: 1, IsPro: 0

 COMMAND LINE ARGUMENTS:
D:\Program Files\Unity Hub\Editor\2020.3.1f1\Editor\Unity.exe
-adb2
-batchMode
-noUpm
-name
AssetImportWorker0
-projectPath
D:/Github/Unity_Tetris_Project/Tetris_Project_Unity_2020.3.1f1/Tetris
-logFile
Logs/AssetImportWorker0.log
-srvPort
50902
Successfully changed project path to: D:/Github/Unity_Tetris_Project/Tetris_Project_Unity_2020.3.1f1/Tetris
D:/Github/Unity_Tetris_Project/Tetris_Project_Unity_2020.3.1f1/Tetris
Using Asset Import Pipeline V2.
Refreshing native plugins compatible for Editor in 56.24 ms, found 1 plugins.
Preloading 0 native plugins for Editor in 0.00 ms.
Initialize engine version: 2020.3.1f1 (77a89f25062f)
[Subsystems] Discovering subsystems at path D:/Program Files/Unity Hub/Editor/2020.3.1f1/Editor/Data/Resources/UnitySubsystems
[Subsystems] Discovering subsystems at path D:/Github/Unity_Tetris_Project/Tetris_Project_Unity_2020.3.1f1/Tetris/Assets
GfxDevice: creating device client; threaded=0
Direct3D:
    Version:  Direct3D 11.0 [level 11.0]
    Renderer: NVIDIA GeForce GTX 550 Ti (ID=0x1244)
    Vendor:   
    VRAM:     959 MB
    Driver:   23.21.13.9135
Initialize mono
Mono path[0] = 'D:/Program Files/Unity Hub/Editor/2020.3.1f1/Editor/Data/Managed'
Mono path[1] = 'D:/Program Files/Unity Hub/Editor/2020.3.1f1/Editor/Data/MonoBleedingEdge/lib/mono/unityjit'
Mono config path = 'D:/Program Files/Unity Hub/Editor/2020.3.1f1/Editor/Data/MonoBleedingEdge/etc'
Using monoOptions --debugger-agent=transport=dt_socket,embedding=1,server=y,suspend=n,address=127.0.0.1:56356
Begin MonoManager ReloadAssembly
Registering precompiled unity dll's ...
Register platform support module: D:/Program Files/Unity Hub/Editor/2020.3.1f1/Editor/Data/PlaybackEngines/WindowsStandaloneSupport/UnityEditor.WindowsStandalone.Extensions.dll
Registered in 0.001549 seconds.
Native extension for WindowsStandalone target not found
Refreshing native plugins compatible for Editor in 50.60 ms, found 1 plugins.
Preloading 0 native plugins for Editor in 0.00 ms.
Invoked RoslynAnalysisRunner static constructor.
RoslynAnalysisRunner will not be running.
RoslynAnalysisRunner has terminated.
Mono: successfully reloaded assembly
- Completed reload, in  2.310 seconds
Platform modules already initialized, skipping
Registering precompiled user dll's ...
Registered in 0.001040 seconds.
Begin MonoManager ReloadAssembly
Native extension for WindowsStandalone target not found
Refreshing native plugins compatible for Editor in 54.88 ms, found 1 plugins.
Preloading 0 native plugins for Editor in 0.00 ms.
Invoked RoslynAnalysisRunner static constructor.
RoslynAnalysisRunner will not be running.
RoslynAnalysisRunner has terminated.
Mono: successfully reloaded assembly
- Completed reload, in  1.408 seconds
Platform modules already initialized, skipping
========================================================================
Worker process is ready to serve import requests
Launched and connected shader compiler UnityShaderCompiler.exe after 0.10 seconds
Refreshing native plugins compatible for Editor in 0.42 ms, found 1 plugins.
Preloading 0 native plugins for Editor in 0.00 ms.
Unloading 1806 Unused Serialized files (Serialized files now loaded: 0)
System memory in use before: 84.6 MB.
System memory in use after: 84.6 MB.

Unloading 24 unused Assets to reduce memory usage. Loaded Objects now: 2248.
Total: 2.626400 ms (FindLiveObjects: 0.226200 ms CreateObjectMapping: 0.086600 ms MarkObjects: 2.114100 ms  DeleteObjects: 0.197500 ms)

========================================================================
Received Import Request.
  path: Assets
  artifactKey: Guid(00000000000000001000000000000000) Importer(815301076,1909f56bfc062723c751e8b465ee728b)
Start importing Assets using Guid(00000000000000001000000000000000) Importer(815301076,1909f56bfc062723c751e8b465ee728b)  -> (artifact id: 'a6374019befeac6ce670f13ba9960efb') in 0.033193 seconds
  Import took 0.051797 seconds .

========================================================================
Received Import Request.
  Time since last request: 13.792085 seconds.
  path: Assets/Scenes
  artifactKey: Guid(23cd60f087d89c246a0f54db85800e1b) Importer(815301076,1909f56bfc062723c751e8b465ee728b)
Start importing Assets/Scenes using Guid(23cd60f087d89c246a0f54db85800e1b) Importer(815301076,1909f56bfc062723c751e8b465ee728b)  -> (artifact id: 'bdb28835022b785109380600275ba529') in 0.008581 seconds
  Import took 0.028148 seconds .

========================================================================
Received Import Request.
  Time since last request: 0.672752 seconds.
  path: Assets/Scenes/SampleScene.unity
  artifactKey: Guid(2cda990e2423bbf4892e6590ba056729) Importer(815301076,1909f56bfc062723c751e8b465ee728b)
Start importing Assets/Scenes/SampleScene.unity using Guid(2cda990e2423bbf4892e6590ba056729) Importer(815301076,1909f56bfc062723c751e8b465ee728b)  -> (artifact id: '843fd1ca81cfc1706e1cdb210696cdce') in 0.018647 seconds
  Import took 0.025255 seconds .

========================================================================
Received Import Request.
  Time since last request: 429.649055 seconds.
  path: Assets/Square.png
  artifactKey: Guid(3ba6313b71473a24ab0a464914298a07) Importer(815301076,1909f56bfc062723c751e8b465ee728b)
Start importing Assets/Square.png using Guid(3ba6313b71473a24ab0a464914298a07) Importer(815301076,1909f56bfc062723c751e8b465ee728b)  -> (artifact id: '7b97947c1feb1dcaba0741c13fcec593') in 0.188994 seconds
  Import took 0.207117 seconds .

========================================================================
Received Import Request.
  Time since last request: 47.937664 seconds.
  path: Assets/Square.png
  artifactKey: Guid(3ba6313b71473a24ab0a464914298a07) Importer(815301076,1909f56bfc062723c751e8b465ee728b)
Start importing Assets/Square.png using Guid(3ba6313b71473a24ab0a464914298a07) Importer(815301076,1909f56bfc062723c751e8b465ee728b)  -> (artifact id: 'a6ea6e2437cf00913c21f73d5a15b805') in 0.042021 seconds
  Import took 0.059917 seconds .

========================================================================
Received Import Request.
  Time since last request: 93.736966 seconds.
  path: Assets/block.png
  artifactKey: Guid(526e8a0c93802c34181eef48b07a9eb1) Importer(815301076,1909f56bfc062723c751e8b465ee728b)
Start importing Assets/block.png using Guid(526e8a0c93802c34181eef48b07a9eb1) Importer(815301076,1909f56bfc062723c751e8b465ee728b)  -> (artifact id: 'e31a8d73ff856b11a10002277c206462') in 0.036233 seconds
  Import took 0.040992 seconds .

========================================================================
Received Import Request.
  Time since last request: 0.000249 seconds.
  path: Assets/border.png
  artifactKey: Guid(cbdb602413161de4ebc8deb38623a13b) Importer(815301076,1909f56bfc062723c751e8b465ee728b)
Start importing Assets/border.png using Guid(cbdb602413161de4ebc8deb38623a13b) Importer(815301076,1909f56bfc062723c751e8b465ee728b)  -> (artifact id: '965a9b237ca69c8b6c78c79ef89bec3e') in 0.019667 seconds
  Import took 0.037373 seconds .

========================================================================
Received Import Request.
  Time since last request: 8.761588 seconds.
  path: Assets/block.png
  artifactKey: Guid(526e8a0c93802c34181eef48b07a9eb1) Importer(815301076,1909f56bfc062723c751e8b465ee728b)
Start importing Assets/block.png using Guid(526e8a0c93802c34181eef48b07a9eb1) Importer(815301076,1909f56bfc062723c751e8b465ee728b)  -> (artifact id: '91a462d8011c0ffc8a40a6b309ba31a3') in 0.017213 seconds
  Import took 0.024861 seconds .

========================================================================
Received Import Request.
  Time since last request: 4.123066 seconds.
  path: Assets/border.png
  artifactKey: Guid(cbdb602413161de4ebc8deb38623a13b) Importer(815301076,1909f56bfc062723c751e8b465ee728b)
Start importing Assets/border.png using Guid(cbdb602413161de4ebc8deb38623a13b) Importer(815301076,1909f56bfc062723c751e8b465ee728b)  -> (artifact id: '77498339e2c516b22543f1355703679b') in 0.014689 seconds
  Import took 0.019681 seconds .

AssetImportWorkerClient::OnTransportError - code=2 error=End of file
